C:\Users\Ailton\Documents\GitHub\ActiveDetectionPinWithCodeCache\CodeCacheDetectionByCode\Debug\cl.command.1.tlog
C:\Users\Ailton\Documents\GitHub\ActiveDetectionPinWithCodeCache\CodeCacheDetectionByCode\Debug\CL.read.1.tlog
C:\Users\Ailton\Documents\GitHub\ActiveDetectionPinWithCodeCache\CodeCacheDetectionByCode\Debug\CL.write.1.tlog
C:\USERS\AILTON\DOCUMENTS\GITHUB\ACTIVEDETECTIONPINWITHCODECACHE\CODECACHEDETECTIONBYCODE\DEBUG\CODECACHEDETECTIONBYCODE.EXE.EMBED.MANIFEST
C:\USERS\AILTON\DOCUMENTS\GITHUB\ACTIVEDETECTIONPINWITHCODECACHE\CODECACHEDETECTIONBYCODE\DEBUG\CODECACHEDETECTIONBYCODE.EXE.EMBED.MANIFEST.RES
C:\USERS\AILTON\DOCUMENTS\GITHUB\ACTIVEDETECTIONPINWITHCODECACHE\CODECACHEDETECTIONBYCODE\DEBUG\CODECACHEDETECTIONBYCODE.EXE.INTERMEDIATE.MANIFEST
C:\USERS\AILTON\DOCUMENTS\GITHUB\ACTIVEDETECTIONPINWITHCODECACHE\CODECACHEDETECTIONBYCODE\DEBUG\CODECACHEDETECTIONBYCODE.OBJ
C:\Users\Ailton\Documents\GitHub\ActiveDetectionPinWithCodeCache\CodeCacheDetectionByCode\Debug\CodeCacheDetectionByCode.write.1.tlog
C:\Users\Ailton\Documents\GitHub\ActiveDetectionPinWithCodeCache\CodeCacheDetectionByCode\Debug\CodeCacheDetectionByCode_manifest.rc
C:\Users\Ailton\Documents\GitHub\ActiveDetectionPinWithCodeCache\CodeCacheDetectionByCode\Debug\link.7400.read.1.tlog
C:\Users\Ailton\Documents\GitHub\ActiveDetectionPinWithCodeCache\CodeCacheDetectionByCode\Debug\link.7400.write.1.tlog
C:\Users\Ailton\Documents\GitHub\ActiveDetectionPinWithCodeCache\CodeCacheDetectionByCode\Debug\link.7400-cvtres.read.1.tlog
C:\Users\Ailton\Documents\GitHub\ActiveDetectionPinWithCodeCache\CodeCacheDetectionByCode\Debug\link.7400-cvtres.write.1.tlog
C:\Users\Ailton\Documents\GitHub\ActiveDetectionPinWithCodeCache\CodeCacheDetectionByCode\Debug\link.command.1.tlog
C:\Users\Ailton\Documents\GitHub\ActiveDetectionPinWithCodeCache\CodeCacheDetectionByCode\Debug\link.read.1.tlog
C:\Users\Ailton\Documents\GitHub\ActiveDetectionPinWithCodeCache\CodeCacheDetectionByCode\Debug\link.write.1.tlog
C:\Users\Ailton\Documents\GitHub\ActiveDetectionPinWithCodeCache\CodeCacheDetectionByCode\Debug\link-cvtres.read.1.tlog
C:\Users\Ailton\Documents\GitHub\ActiveDetectionPinWithCodeCache\CodeCacheDetectionByCode\Debug\link-cvtres.write.1.tlog
C:\USERS\AILTON\DOCUMENTS\GITHUB\ACTIVEDETECTIONPINWITHCODECACHE\CODECACHEDETECTIONBYCODE\DEBUG\MEMUPDATEMAPINFORMATIONS.OBJ
C:\Users\Ailton\Documents\GitHub\ActiveDetectionPinWithCodeCache\CodeCacheDetectionByCode\Debug\mt.command.1.tlog
C:\Users\Ailton\Documents\GitHub\ActiveDetectionPinWithCodeCache\CodeCacheDetectionByCode\Debug\mt.read.1.tlog
C:\Users\Ailton\Documents\GitHub\ActiveDetectionPinWithCodeCache\CodeCacheDetectionByCode\Debug\mt.write.1.tlog
C:\Users\Ailton\Documents\GitHub\ActiveDetectionPinWithCodeCache\CodeCacheDetectionByCode\Debug\rc.command.1.tlog
C:\Users\Ailton\Documents\GitHub\ActiveDetectionPinWithCodeCache\CodeCacheDetectionByCode\Debug\rc.read.1.tlog
C:\Users\Ailton\Documents\GitHub\ActiveDetectionPinWithCodeCache\CodeCacheDetectionByCode\Debug\rc.write.1.tlog
C:\Users\Ailton\Documents\GitHub\ActiveDetectionPinWithCodeCache\CodeCacheDetectionByCode\Debug\vc100.idb
C:\USERS\AILTON\DOCUMENTS\GITHUB\ACTIVEDETECTIONPINWITHCODECACHE\CODECACHEDETECTIONBYCODE\DEBUG\VC100.PDB
C:\USERS\AILTON\DOCUMENTS\GITHUB\ACTIVEDETECTIONPINWITHCODECACHE\DEBUG\CODECACHEDETECTIONBYCODE.EXE
C:\USERS\AILTON\DOCUMENTS\GITHUB\ACTIVEDETECTIONPINWITHCODECACHE\DEBUG\CODECACHEDETECTIONBYCODE.ILK
C:\USERS\AILTON\DOCUMENTS\GITHUB\ACTIVEDETECTIONPINWITHCODECACHE\DEBUG\CODECACHEDETECTIONBYCODE.PDB
